0 info it worked if it ends with ok
1 verbose cli [ '/usr/bin/nodejs', '/usr/bin/npm', 'start' ]
2 info using npm@3.10.10
3 info using node@v6.11.0
4 verbose run-script [ 'prestart', 'start', 'poststart' ]
5 info lifecycle final-project-phase1@1.0.0~prestart: final-project-phase1@1.0.0
6 silly lifecycle final-project-phase1@1.0.0~prestart: no script for prestart, continuing
7 info lifecycle final-project-phase1@1.0.0~start: final-project-phase1@1.0.0
8 verbose lifecycle final-project-phase1@1.0.0~start: unsafe-perm in lifecycle true
9 verbose lifecycle final-project-phase1@1.0.0~start: PATH: /usr/lib/node_modules/npm/bin/node-gyp-bin:/home/kokoht/P1A/final-project-phase1/node_modules/.bin:/home/kokoht/bin:/home/kokoht/.local/bin:/home/kokoht/bin:/home/kokoht/.local/bin:/home/kokoht/bin:/home/kokoht/.local/bin:/usr/local/sbin:/usr/local/bin:/usr/sbin:/usr/bin:/sbin:/bin:/usr/games:/usr/local/games:/snap/bin:/snap/bin:/snap/bin
10 verbose lifecycle final-project-phase1@1.0.0~start: CWD: /home/kokoht/P1A/final-project-phase1
11 silly lifecycle final-project-phase1@1.0.0~start: Args: [ '-c', 'nodemon app.js' ]
12 silly lifecycle final-project-phase1@1.0.0~start: Returned: code: 1  signal: null
13 info lifecycle final-project-phase1@1.0.0~start: Failed to exec start script
14 verbose stack Error: final-project-phase1@1.0.0 start: `nodemon app.js`
14 verbose stack Exit status 1
14 verbose stack     at EventEmitter.<anonymous> (/usr/lib/node_modules/npm/lib/utils/lifecycle.js:255:16)
14 verbose stack     at emitTwo (events.js:106:13)
14 verbose stack     at EventEmitter.emit (events.js:191:7)
14 verbose stack     at ChildProcess.<anonymous> (/usr/lib/node_modules/npm/lib/utils/spawn.js:40:14)
14 verbose stack     at emitTwo (events.js:106:13)
14 verbose stack     at ChildProcess.emit (events.js:191:7)
14 verbose stack     at maybeClose (internal/child_process.js:891:16)
14 verbose stack     at Process.ChildProcess._handle.onexit (internal/child_process.js:226:5)
15 verbose pkgid final-project-phase1@1.0.0
16 verbose cwd /home/kokoht/P1A/final-project-phase1
17 error Linux 4.8.0-58-generic
18 error argv "/usr/bin/nodejs" "/usr/bin/npm" "start"
19 error node v6.11.0
20 error npm  v3.10.10
21 error code ELIFECYCLE
22 error final-project-phase1@1.0.0 start: `nodemon app.js`
22 error Exit status 1
23 error Failed at the final-project-phase1@1.0.0 start script 'nodemon app.js'.
23 error Make sure you have the latest version of node.js and npm installed.
23 error If you do, this is most likely a problem with the final-project-phase1 package,
23 error not with npm itself.
23 error Tell the author that this fails on your system:
23 error     nodemon app.js
23 error You can get information on how to open an issue for this project with:
23 error     npm bugs final-project-phase1
23 error Or if that isn't available, you can get their info via:
23 error     npm owner ls final-project-phase1
23 error There is likely additional logging output above.
24 verbose exit [ 1, true ]
